<?xml version="1.0" encoding="UTF-8"?>
<!-- Generated by org.testng.reporters.JUnitReportReporter -->
<testsuite hostname="DESKTOP-HFK8588" failures="0" tests="1" name="SeleniumConcepts.NavigateBackAndForword" time="36.658" errors="0" timestamp="09 May 2023 07:37:18 GMT" skipped="0">
  <testcase classname="SeleniumConcepts.NavigateBackAndForword" name="testCase1" time="36.658"/>
</testsuite> <!-- SeleniumConcepts.NavigateBackAndForword -->
