<?xml version="1.0" encoding="UTF-8"?>
<!-- Generated by org.testng.reporters.JUnitReportReporter -->
<testsuite hostname="DESKTOP-HFK8588" failures="0" tests="1" name="SeleniumConcepts.WorkWithBrowser" time="14.009" errors="0" timestamp="08 May 2023 11:14:11 GMT" skipped="0">
  <testcase classname="SeleniumConcepts.WorkWithBrowser" name="workWithBrows" time="14.009"/>
</testsuite> <!-- SeleniumConcepts.WorkWithBrowser -->
