<?xml version="1.0" encoding="UTF-8"?>
<!-- Generated by org.testng.reporters.JUnitReportReporter -->
<testsuite hostname="DESKTOP-HFK8588" failures="0" tests="1" name="testCasesForAmezon.Test3" time="42.785" errors="0" timestamp="09 May 2023 06:31:20 GMT" skipped="0">
  <testcase classname="testCasesForAmezon.Test3" name="Testcase3" time="42.785"/>
</testsuite> <!-- testCasesForAmezon.Test3 -->
