<?xml version="1.0" encoding="UTF-8"?>
<!-- Generated by org.testng.reporters.JUnitReportReporter -->
<testsuite hostname="DESKTOP-HFK8588" failures="0" tests="1" name="SeleniumConcepts.Tolltipmsg" time="15.278" errors="0" timestamp="09 May 2023 08:58:28 GMT" skipped="0">
  <testcase classname="SeleniumConcepts.Tolltipmsg" name="testCase1" time="15.278"/>
</testsuite> <!-- SeleniumConcepts.Tolltipmsg -->
