<?xml version="1.0" encoding="UTF-8"?>
<!-- Generated by org.testng.reporters.JUnitReportReporter -->
<testsuite hostname="DESKTOP-HFK8588" failures="0" tests="1" name="SeleniumConcepts.FacebookLogin" time="65.892" errors="0" timestamp="16 Jun 2023 05:11:32 GMT" skipped="0">
  <testcase classname="SeleniumConcepts.FacebookLogin" name="Demo_Login" time="65.892"/>
</testsuite> <!-- SeleniumConcepts.FacebookLogin -->
