<?xml version="1.0" encoding="UTF-8"?>
<!-- Generated by org.testng.reporters.JUnitReportReporter -->
<testsuite hostname="DESKTOP-HFK8588" failures="0" tests="1" name="SeleniumConcepts.WebTableDemo" time="31.563" errors="0" timestamp="10 May 2023 04:34:21 GMT" skipped="0">
  <testcase classname="SeleniumConcepts.WebTableDemo" name="testCase1" time="31.563"/>
</testsuite> <!-- SeleniumConcepts.WebTableDemo -->
