<?xml version="1.0" encoding="UTF-8"?>
<!-- Generated by org.testng.reporters.JUnitReportReporter -->
<testsuite hostname="DESKTOP-HFK8588" failures="0" tests="1" name="SeleniumConcepts.SelectDemo" time="8.965" errors="0" timestamp="10 May 2023 05:06:23 GMT" skipped="0">
  <testcase classname="SeleniumConcepts.SelectDemo" name="testCase1" time="8.965"/>
</testsuite> <!-- SeleniumConcepts.SelectDemo -->
