<?xml version="1.0" encoding="UTF-8"?>
<!-- Generated by org.testng.reporters.JUnitReportReporter -->
<testsuite hostname="DESKTOP-HFK8588" failures="0" tests="1" name="SeleniumConcepts.AutoSuggestElement" time="27.964" errors="0" timestamp="10 May 2023 04:51:12 GMT" skipped="0">
  <testcase classname="SeleniumConcepts.AutoSuggestElement" name="testCase1" time="27.964"/>
</testsuite> <!-- SeleniumConcepts.AutoSuggestElement -->
