<?xml version="1.0" encoding="UTF-8"?>
<!-- Generated by org.testng.reporters.JUnitReportReporter -->
<testsuite hostname="DESKTOP-HFK8588" failures="0" tests="1" name="SeleniumConcepts.TakescreenshotExampls" time="12.334" errors="0" timestamp="09 May 2023 07:14:44 GMT" skipped="0">
  <testcase classname="SeleniumConcepts.TakescreenshotExampls" name="testCase1" time="12.334"/>
</testsuite> <!-- SeleniumConcepts.TakescreenshotExampls -->
