<?xml version="1.0" encoding="UTF-8"?>
<!-- Generated by org.testng.reporters.JUnitReportReporter -->
<testsuite hostname="DESKTOP-HFK8588" failures="0" tests="1" name="testCasesForAmezon.Test2" time="49.277" errors="0" timestamp="09 May 2023 06:31:20 GMT" skipped="0">
  <testcase classname="testCasesForAmezon.Test2" name="Testcae2" time="49.277"/>
</testsuite> <!-- testCasesForAmezon.Test2 -->
