<?xml version="1.0" encoding="UTF-8"?>
<!-- Generated by org.testng.reporters.JUnitReportReporter -->
<testsuite hostname="DESKTOP-HFK8588" failures="0" tests="1" name="javaConcepts.WorkWithproerties" time="0.015" errors="0" timestamp="10 May 2023 06:44:31 GMT" skipped="0">
  <testcase classname="javaConcepts.WorkWithproerties" name="workWithprop" time="0.015"/>
</testsuite> <!-- javaConcepts.WorkWithproerties -->
