<?xml version="1.0" encoding="UTF-8"?>
<!-- Generated by org.testng.reporters.JUnitReportReporter -->
<testsuite hostname="DESKTOP-HFK8588" failures="0" tests="1" name="SeleniumConcepts.RetriveAllLinks" time="14.824" errors="0" timestamp="10 May 2023 04:02:03 GMT" skipped="0">
  <testcase classname="SeleniumConcepts.RetriveAllLinks" name="testCase1" time="14.824"/>
</testsuite> <!-- SeleniumConcepts.RetriveAllLinks -->
